<?xml version="1.0" encoding="UTF-8"?>
<testng-results ignored="0" total="2" passed="2" failed="0" skipped="0">
  <reporter-output>
  </reporter-output>
  <suite started-at="2023-02-18T19:54:13 IST" name="Suite" finished-at="2023-02-18T19:54:34 IST" duration-ms="21481">
    <groups>
    </groups>
    <test started-at="2023-02-18T19:54:13 IST" name="Test" finished-at="2023-02-18T19:54:34 IST" duration-ms="21481">
      <class name="testcases.LoginTest">
        <test-method is-config="true" signature="setupBrowser()[pri:0, instance:testcases.LoginTest@3eb77ea8]" started-at="2023-02-18T19:54:16 IST" name="setupBrowser" finished-at="2023-02-18T19:54:26 IST" duration-ms="10339" status="PASS">
          <reporter-output>
          </reporter-output>
        </test-method> <!-- setupBrowser -->
        <test-method signature="loginToApplication(java.lang.String,java.lang.String)[pri:0, instance:testcases.LoginTest@3eb77ea8]" started-at="2023-02-18T19:54:26 IST" name="loginToApplication" data-provider="loginDetails" finished-at="2023-02-18T19:54:27 IST" duration-ms="1156" status="PASS">
          <params>
            <param index="0">
              <value>
                <![CDATA[ineuron@ineuron.ai]]>
              </value>
            </param>
            <param index="1">
              <value>
                <![CDATA[ineuron]]>
              </value>
            </param>
          </params>
          <reporter-output>
          </reporter-output>
        </test-method> <!-- loginToApplication -->
        <test-method is-config="true" signature="closeBrowser()[pri:0, instance:testcases.LoginTest@3eb77ea8]" started-at="2023-02-18T19:54:27 IST" name="closeBrowser" finished-at="2023-02-18T19:54:28 IST" duration-ms="620" status="PASS">
          <reporter-output>
          </reporter-output>
        </test-method> <!-- closeBrowser -->
        <test-method is-config="true" signature="setupBrowser()[pri:0, instance:testcases.LoginTest@3eb77ea8]" started-at="2023-02-18T19:54:28 IST" name="setupBrowser" finished-at="2023-02-18T19:54:32 IST" duration-ms="4405" status="PASS">
          <reporter-output>
          </reporter-output>
        </test-method> <!-- setupBrowser -->
        <test-method signature="loginToApplication(java.lang.String,java.lang.String)[pri:0, instance:testcases.LoginTest@3eb77ea8]" started-at="2023-02-18T19:54:32 IST" name="loginToApplication" data-provider="loginDetails" finished-at="2023-02-18T19:54:33 IST" duration-ms="1096" status="PASS">
          <params>
            <param index="0">
              <value>
                <![CDATA[admin@admin.ai]]>
              </value>
            </param>
            <param index="1">
              <value>
                <![CDATA[ineuron]]>
              </value>
            </param>
          </params>
          <reporter-output>
          </reporter-output>
        </test-method> <!-- loginToApplication -->
        <test-method is-config="true" signature="closeBrowser()[pri:0, instance:testcases.LoginTest@3eb77ea8]" started-at="2023-02-18T19:54:34 IST" name="closeBrowser" finished-at="2023-02-18T19:54:34 IST" duration-ms="754" status="PASS">
          <reporter-output>
          </reporter-output>
        </test-method> <!-- closeBrowser -->
      </class> <!-- testcases.LoginTest -->
    </test> <!-- Test -->
  </suite> <!-- Suite -->
</testng-results>
