<?xml version="1.0" encoding="UTF-8"?>
<testng-results ignored="0" total="2" passed="2" failed="0" skipped="0">
  <reporter-output>
  </reporter-output>
  <suite started-at="2023-02-14T21:12:12 IST" name="Suite" finished-at="2023-02-14T21:12:29 IST" duration-ms="17619">
    <groups>
    </groups>
    <test started-at="2023-02-14T21:12:12 IST" name="Test" finished-at="2023-02-14T21:12:29 IST" duration-ms="17619">
      <class name="testcases.LoginTest">
        <test-method is-config="true" signature="setupBrowser()[pri:0, instance:testcases.LoginTest@49c66ade]" started-at="2023-02-14T21:12:14 IST" name="setupBrowser" finished-at="2023-02-14T21:12:21 IST" duration-ms="7322" status="PASS">
          <reporter-output>
          </reporter-output>
        </test-method> <!-- setupBrowser -->
        <test-method signature="loginToApplication(java.lang.String,java.lang.String)[pri:0, instance:testcases.LoginTest@49c66ade]" started-at="2023-02-14T21:12:21 IST" name="loginToApplication" data-provider="loginDetails" finished-at="2023-02-14T21:12:23 IST" duration-ms="1435" status="PASS">
          <params>
            <param index="0">
              <value>
                <![CDATA[ineuron@ineuron.ai]]>
              </value>
            </param>
            <param index="1">
              <value>
                <![CDATA[ineuron]]>
              </value>
            </param>
          </params>
          <reporter-output>
          </reporter-output>
        </test-method> <!-- loginToApplication -->
        <test-method is-config="true" signature="closeBrowser()[pri:0, instance:testcases.LoginTest@49c66ade]" started-at="2023-02-14T21:12:23 IST" name="closeBrowser" finished-at="2023-02-14T21:12:24 IST" duration-ms="1076" status="PASS">
          <reporter-output>
          </reporter-output>
        </test-method> <!-- closeBrowser -->
        <test-method is-config="true" signature="setupBrowser()[pri:0, instance:testcases.LoginTest@49c66ade]" started-at="2023-02-14T21:12:24 IST" name="setupBrowser" finished-at="2023-02-14T21:12:28 IST" duration-ms="3699" status="PASS">
          <reporter-output>
          </reporter-output>
        </test-method> <!-- setupBrowser -->
        <test-method signature="loginToApplication(java.lang.String,java.lang.String)[pri:0, instance:testcases.LoginTest@49c66ade]" started-at="2023-02-14T21:12:28 IST" name="loginToApplication" data-provider="loginDetails" finished-at="2023-02-14T21:12:28 IST" duration-ms="811" status="PASS">
          <params>
            <param index="0">
              <value>
                <![CDATA[admin@admin.ai]]>
              </value>
            </param>
            <param index="1">
              <value>
                <![CDATA[ineuron]]>
              </value>
            </param>
          </params>
          <reporter-output>
          </reporter-output>
        </test-method> <!-- loginToApplication -->
        <test-method is-config="true" signature="closeBrowser()[pri:0, instance:testcases.LoginTest@49c66ade]" started-at="2023-02-14T21:12:29 IST" name="closeBrowser" finished-at="2023-02-14T21:12:29 IST" duration-ms="745" status="PASS">
          <reporter-output>
          </reporter-output>
        </test-method> <!-- closeBrowser -->
      </class> <!-- testcases.LoginTest -->
    </test> <!-- Test -->
  </suite> <!-- Suite -->
</testng-results>
